[debug] [2019-03-23T18:24:54.989Z] ----------------------------------------------------------------------
[debug] [2019-03-23T18:24:54.991Z] Command:       C:\Program Files\nodejs\node.exe C:\Users\cjf2187\AppData\Roaming\npm\node_modules\firebase-tools\lib\bin\firebase.js deploy
[debug] [2019-03-23T18:24:54.991Z] CLI Version:   6.5.0
[debug] [2019-03-23T18:24:54.992Z] Platform:      win32
[debug] [2019-03-23T18:24:54.992Z] Node Version:  v10.15.3
[debug] [2019-03-23T18:24:54.993Z] Time:          Sat Mar 23 2019 13:24:54 GMT-0500 (Central Daylight Time)
[debug] [2019-03-23T18:24:54.993Z] ----------------------------------------------------------------------
[debug] 
[debug] [2019-03-23T18:24:55.013Z] > command requires scopes: ["email","openid","https://www.googleapis.com/auth/cloudplatformprojects.readonly","https://www.googleapis.com/auth/firebase","https://www.googleapis.com/auth/cloud-platform"]
[debug] [2019-03-23T18:24:55.014Z] > authorizing via signed-in user
[debug] [2019-03-23T18:24:55.015Z] [iam] checking project stock-tracker-d5b73 for permissions ["cloudfunctions.functions.create","cloudfunctions.functions.delete","cloudfunctions.functions.get","cloudfunctions.functions.list","cloudfunctions.functions.update","cloudfunctions.operations.get","datastore.indexes.create","datastore.indexes.delete","datastore.indexes.list","datastore.indexes.update","firebase.projects.get"]
[debug] [2019-03-23T18:24:55.017Z] >>> HTTP REQUEST POST https://cloudresourcemanager.googleapis.com/v1/projects/stock-tracker-d5b73:testIamPermissions  

[debug] [2019-03-23T18:24:55.219Z] <<< HTTP RESPONSE 200
[info] 
[info] === Deploying to 'stock-tracker-d5b73'...
[info] 
[info] i  deploying firestore, functions
[info] Running command: npm --prefix "$RESOURCE_DIR" run lint
[info] +  functions: Finished running predeploy script.
[info] i  firestore: checking firestore.rules for compilation errors...
[info] i  firestore: reading indexes from firestore.indexes.json...
[debug] [2019-03-23T18:25:02.976Z] >>> HTTP REQUEST POST https://firebaserules.googleapis.com/v1/projects/stock-tracker-d5b73:test  

[debug] [2019-03-23T18:25:03.095Z] <<< HTTP RESPONSE 200
[info] +  firestore: rules file firestore.rules compiled successfully
[debug] [2019-03-23T18:25:03.097Z] > [functions] package.json contents: {
  "name": "functions",
  "description": "Cloud Functions for Firebase",
  "scripts": {
    "lint": "eslint .",
    "serve": "firebase serve --only functions",
    "shell": "firebase functions:shell",
    "start": "npm run shell",
    "deploy": "firebase deploy --only functions",
    "logs": "firebase functions:log"
  },
  "dependencies": {
    "axios": "^0.18.0",
    "firebase-admin": "~7.0.0",
    "firebase-functions": "^2.2.0",
    "node-fetch": "^2.3.0"
  },
  "devDependencies": {
    "eslint": "^5.12.0",
    "eslint-plugin-promise": "^4.0.1"
  },
  "private": true
}
[info] i  functions: ensuring necessary APIs are enabled...
[debug] [2019-03-23T18:25:03.098Z] >>> HTTP REQUEST GET https://servicemanagement.googleapis.com/v1/services/cloudfunctions.googleapis.com/projectSettings/stock-tracker-d5b73?view=CONSUMER_VIEW  
 
[debug] [2019-03-23T18:25:03.099Z] >>> HTTP REQUEST GET https://servicemanagement.googleapis.com/v1/services/runtimeconfig.googleapis.com/projectSettings/stock-tracker-d5b73?view=CONSUMER_VIEW  
 
[debug] [2019-03-23T18:25:03.822Z] <<< HTTP RESPONSE 200
[debug] [2019-03-23T18:25:03.837Z] <<< HTTP RESPONSE 200
[info] +  functions: all necessary APIs are enabled
[debug] [2019-03-23T18:25:03.838Z] >>> HTTP REQUEST GET https://cloudresourcemanager.googleapis.com/v1/projects/stock-tracker-d5b73  
 
[debug] [2019-03-23T18:25:03.990Z] <<< HTTP RESPONSE 200
[debug] [2019-03-23T18:25:03.991Z] >>> HTTP REQUEST GET https://mobilesdk-pa.googleapis.com/v1/projects/580495898045:getServerAppConfig  
 
[debug] [2019-03-23T18:25:04.196Z] <<< HTTP RESPONSE 200
[info] i  firestore: uploading rules firestore.rules...
[debug] [2019-03-23T18:25:04.199Z] >>> HTTP REQUEST POST https://firebaserules.googleapis.com/v1/projects/stock-tracker-d5b73/rulesets  

[debug] [2019-03-23T18:25:04.200Z] >>> HTTP REQUEST GET https://firestore.googleapis.com/v1beta2/projects/stock-tracker-d5b73/databases/(default)/collectionGroups/-/indexes  
 
[debug] [2019-03-23T18:25:04.456Z] <<< HTTP RESPONSE 200
[debug] [2019-03-23T18:25:04.456Z] >>> HTTP REQUEST GET https://firestore.googleapis.com/v1beta2/projects/stock-tracker-d5b73/databases/(default)/collectionGroups/-/fields?filter=indexConfig.usesAncestorConfig=false  
 
[debug] [2019-03-23T18:25:04.533Z] <<< HTTP RESPONSE 200
[debug] [2019-03-23T18:25:04.533Z] [rules] created ruleset projects/stock-tracker-d5b73/rulesets/0cc509f6-1023-49aa-8b91-db5532dc1bf2
[debug] [2019-03-23T18:25:04.639Z] <<< HTTP RESPONSE 200
[info] +  firestore: deployed indexes in firestore.indexes.json successfully
[info] i  functions: preparing functions directory for uploading...
[debug] [2019-03-23T18:25:04.641Z] >>> HTTP REQUEST GET https://runtimeconfig.googleapis.com/v1beta1/projects/stock-tracker-d5b73/configs  
 
[debug] [2019-03-23T18:25:05.133Z] <<< HTTP RESPONSE 200
[info] i  functions: packaged functions (43.43 KB) for uploading
[debug] [2019-03-23T18:25:05.876Z] >>> HTTP REQUEST POST https://cloudfunctions.googleapis.com/v1/projects/stock-tracker-d5b73/locations/us-central1/functions:generateUploadUrl  
 
[debug] [2019-03-23T18:25:06.184Z] <<< HTTP RESPONSE 200
[debug] [2019-03-23T18:25:06.185Z] >>> HTTP REQUEST PUT https://storage.googleapis.com/gcf-upload-us-central1-143a1782-877a-496d-979b-a9dcaa3a60bd/0bddc299-81e6-4e6b-8da1-0509c6e17fd9.zip?GoogleAccessId=service-580495898045@gcf-admin-robot.iam.gserviceaccount.com&Expires=1553367308&Signature=Un6QBK61qCRPsI%2BOar0heLXYVT%2FrfLASyWSK3mqS16o56PO8zaOt1f8Vpe8reX46MK7qZdUe%2F2QWHDhB72Q0CM3bbm0u9wO6l3xOir%2BnvSnwnKobdaKbwX%2Fs41JtFly1f9SmhHuK9dY8veXauOsvyeuxRgMN2mZWFjQlkoV3yVt4VRHRdLXFcuIWXEXn1E9YgYZixbIqpqBQcHaqqcZnDkaXGKl5ZvjRhx4xaH2eq6L%2F6PsAhcAL%2FLVi0fEuHXb3DrxJmd1cBhlq6zIRwxXBTxqR%2BzDUly9PNP6l6324Osj8vDx4cNCxDKSS6y9DckEEhEA%2FG1MOhOQY8D7jg9a8kA%3D%3D  

[debug] [2019-03-23T18:25:06.449Z] <<< HTTP RESPONSE 200
[info] +  functions: functions folder uploaded successfully
[debug] [2019-03-23T18:25:06.450Z] [rules] releasing cloud.firestore with ruleset projects/stock-tracker-d5b73/rulesets/0cc509f6-1023-49aa-8b91-db5532dc1bf2
[debug] [2019-03-23T18:25:06.450Z] >>> HTTP REQUEST PATCH https://firebaserules.googleapis.com/v1/projects/stock-tracker-d5b73/releases/cloud.firestore  

[debug] [2019-03-23T18:25:06.604Z] <<< HTTP RESPONSE 200
[debug] [2019-03-23T18:25:06.604Z] [rules] updated release projects/stock-tracker-d5b73/releases/cloud.firestore
[info] +  firestore: released rules firestore.rules to cloud.firestore
[debug] [2019-03-23T18:25:06.605Z] >>> HTTP REQUEST GET https://cloudfunctions.googleapis.com/v1/projects/stock-tracker-d5b73/locations/-/functions  
 
[debug] [2019-03-23T18:25:06.947Z] <<< HTTP RESPONSE 200
[info] i  functions: updating Node.js 6 function liveStockData(us-central1)...
[debug] [2019-03-23T18:25:06.949Z] Trigger is:  {"httpsTrigger":{}}
[info] i  functions: updating Node.js 6 function interDayStockData(us-central1)...
[debug] [2019-03-23T18:25:06.950Z] Trigger is:  {"httpsTrigger":{}}
[info] i  functions: updating Node.js 6 function historicalStockData(us-central1)...
[debug] [2019-03-23T18:25:06.950Z] Trigger is:  {"httpsTrigger":{}}
[info] 
The following functions are found in your project but do not exist in your local source code:
	updateUserSettings(us-central1)

If you are renaming a function or changing its region, it is recommended that you create the new function first before deleting the old one to prevent event loss. For more info, visit https://firebase.google.com/docs/functions/manage-functions#modify

